<?xml version="1.0" encoding="UTF-8"?>
<!-- Generated by org.testng.reporters.JUnitXMLReporter -->
<testsuite ignored="0" hostname="DESKTOP-PRQQGS0" failures="0" tests="2" name="ChromTest" time="3.903" errors="0" timestamp="2025-12-04T17:07:26 IST">
  <testcase classname="TestCase.LeaveandAttendance" name="@BeforeClass setup" time="3.538">
    <failure type="java.lang.NullPointerException" message="Cannot invoke &amp;quot;com.aventstack.extentreports.ExtentReports.setSystemInfo(String, String)&amp;quot; because &amp;quot;this.extent&amp;quot; is null">
      <![CDATA[java.lang.NullPointerException: Cannot invoke "com.aventstack.extentreports.ExtentReports.setSystemInfo(String, String)" because "this.extent" is null
at TestCase.LeaveandAttendance.setup(LeaveandAttendance.java:58)
at java.base/java.util.ArrayList.forEach(ArrayList.java:1597)
at java.base/java.util.concurrent.FutureTask.run(FutureTask.java:317)
at java.base/java.util.concurrent.ThreadPoolExecutor.runWorker(ThreadPoolExecutor.java:1144)
at java.base/java.util.concurrent.ThreadPoolExecutor$Worker.run(ThreadPoolExecutor.java:642)
at java.base/java.lang.Thread.run(Thread.java:1575)
... Removed 13 stack frames]]>
    </failure>
  </testcase> <!-- @BeforeClass setup -->
  <testcase classname="TestCase.LeaveandAttendance" name="@BeforeMethod setup" time="0.0">
    <skipped/>
  </testcase> <!-- @BeforeMethod setup -->
  <testcase classname="TestCase.LeaveandAttendance" name="@BeforeMethod setup" time="0.0">
    <skipped/>
  </testcase> <!-- @BeforeMethod setup -->
  <testcase classname="TestCase.LeaveandAttendance" name="CheckLeaveBalace" time="0.001">
    <skipped/>
  </testcase> <!-- CheckLeaveBalace -->
  <testcase classname="TestCase.LeaveandAttendance" name="NavigatePage" time="0.0">
    <skipped/>
  </testcase> <!-- NavigatePage -->
</testsuite> <!-- ChromTest -->
