<?xml version="1.0" encoding="UTF-8"?>
<!-- Generated by org.testng.reporters.JUnitXMLReporter -->
<testsuite ignored="0" hostname="DESKTOP-PRQQGS0" failures="2" tests="2" name="FireFoxTest" time="20.014" errors="0" timestamp="2025-12-04T17:07:43 IST">
  <testcase classname="TestCase.LeaveandAttendance" name="CheckLeaveBalace" time="0.018">
    <failure type="java.lang.Error" message="Unresolved compilation problems: 
	The method findElement(By) is undefined for the type ThreadLocal&amp;lt;WebDriver&amp;gt;
	The method findElement(By) is undefined for the type ThreadLocal&amp;lt;WebDriver&amp;gt;
">
      <![CDATA[java.lang.Error: Unresolved compilation problems: 
The method findElement(By) is undefined for the type ThreadLocal<WebDriver>
The method findElement(By) is undefined for the type ThreadLocal<WebDriver>

at TestCase.LeaveandAttendance.CheckLeaveBalace(LeaveandAttendance.java:97)
at java.base/java.util.ArrayList.forEach(ArrayList.java:1597)
at java.base/java.util.concurrent.FutureTask.run(FutureTask.java:317)
at java.base/java.util.concurrent.ThreadPoolExecutor.runWorker(ThreadPoolExecutor.java:1144)
at java.base/java.util.concurrent.ThreadPoolExecutor$Worker.run(ThreadPoolExecutor.java:642)
at java.base/java.lang.Thread.run(Thread.java:1575)
... Removed 15 stack frames]]>
    </failure>
  </testcase> <!-- CheckLeaveBalace -->
  <testcase classname="TestCase.LeaveandAttendance" name="NavigatePage" time="0.008">
    <failure type="java.lang.Error" message="Unresolved compilation problem: 
	The method findElement(By) is undefined for the type ThreadLocal&amp;lt;WebDriver&amp;gt;
">
      <![CDATA[java.lang.Error: Unresolved compilation problem: 
The method findElement(By) is undefined for the type ThreadLocal<WebDriver>

at TestCase.LeaveandAttendance.NavigatePage(LeaveandAttendance.java:77)
at java.base/java.util.ArrayList.forEach(ArrayList.java:1597)
at java.base/java.util.concurrent.FutureTask.run(FutureTask.java:317)
at java.base/java.util.concurrent.ThreadPoolExecutor.runWorker(ThreadPoolExecutor.java:1144)
at java.base/java.util.concurrent.ThreadPoolExecutor$Worker.run(ThreadPoolExecutor.java:642)
at java.base/java.lang.Thread.run(Thread.java:1575)
... Removed 15 stack frames]]>
    </failure>
  </testcase> <!-- NavigatePage -->
</testsuite> <!-- FireFoxTest -->
