<?xml version="1.0" encoding="UTF-8"?>
<!-- Generated by org.testng.reporters.JUnitXMLReporter -->
<testsuite ignored="0" hostname="DESKTOP-PRQQGS0" failures="0" tests="3" name="Default test" time="16.145" errors="0" timestamp="2025-12-03T13:10:34 IST">
  <testcase classname="TestCase.DataProviderLoginTest" name="Logintest" time="5.006"/>
  <testcase classname="TestCase.DataProviderLoginTest" name="Logintest" time="5.294"/>
  <testcase classname="TestCase.DataProviderLoginTest" name="Logintest" time="5.765"/>
</testsuite> <!-- Default test -->
