<?xml version="1.0" encoding="UTF-8"?>
<!-- Generated by org.testng.reporters.JUnitXMLReporter -->
<testsuite ignored="0" hostname="DESKTOP-PRQQGS0" failures="0" tests="3" name="Firefox Test" time="19.826" errors="0" timestamp="2025-12-08T12:07:05 IST">
  <testcase classname="TestCase.Loginpage" name="LoginWithValidEmployeeecodeandinvalidpasssword" time="0.753"/>
  <testcase classname="TestCase.Loginpage" name="LoginwithInvalidUsernameValidPasswrd" time="0.556"/>
  <testcase classname="TestCase.Loginpage" name="Validlogin" time="2.854"/>
</testsuite> <!-- Firefox Test -->
