<?xml version="1.0" encoding="UTF-8"?>
<!-- Generated by org.testng.reporters.JUnitXMLReporter -->
<testsuite ignored="0" hostname="DESKTOP-PRQQGS0" failures="0" tests="6" name="BatchExecution" time="46.805" errors="0" timestamp="2025-12-04T16:41:00 IST">
  <testcase classname="TestCase.Loginpage" name="LoginWithValidEmployeeecodeandinvalidpasssword" time="0.676"/>
  <testcase classname="TestCase.Loginpage" name="LoginwithInvalidUsernameValidPasswrd" time="0.649"/>
  <testcase classname="TestCase.Loginpage" name="Validlogin" time="2.383"/>
  <testcase classname="TestCase.LeaveandAttendance" name="CheckLeaveBalace" time="4.549"/>
  <testcase classname="TestCase.LeaveandAttendance" name="NavigatePage" time="5.58"/>
  <testcase classname="TestCase.PropertyDataLogin" name="login" time="7.572"/>
</testsuite> <!-- BatchExecution -->
