<?xml version="1.0" encoding="UTF-8"?>
<testng-results ignored="0" total="6" passed="3" failed="3" skipped="0">
  <reporter-output>
  </reporter-output>
  <suite started-at="2025-12-08T12:06:46 IST" name="myHR LoginParallelSuite" finished-at="2025-12-08T12:07:05 IST" duration-ms="19828">
    <groups>
    </groups>
    <test started-at="2025-12-08T12:06:46 IST" name="Chrome Test" finished-at="2025-12-08T12:06:59 IST" duration-ms="13642">
      <class name="TestCase.Loginpage">
        <test-method is-config="true" signature="Setup(java.lang.String)[pri:0, instance:TestCase.Loginpage@50fe837a]" started-at="2025-12-08T12:06:46 IST" name="Setup" finished-at="2025-12-08T12:06:53 IST" duration-ms="6979" status="PASS">
          <params>
            <param index="0">
              <value>
                <![CDATA[chrome]]>
              </value>
            </param>
          </params>
          <reporter-output>
          </reporter-output>
        </test-method> <!-- Setup -->
        <test-method is-config="true" signature="initpage()[pri:0, instance:TestCase.Loginpage@50fe837a]" started-at="2025-12-08T12:06:53 IST" name="initpage" finished-at="2025-12-08T12:06:57 IST" duration-ms="4323" status="PASS">
          <reporter-output>
          </reporter-output>
        </test-method> <!-- initpage -->
        <test-method signature="LoginWithValidEmployeeecodeandinvalidpasssword()[pri:0, instance:TestCase.Loginpage@50fe837a]" started-at="2025-12-08T12:06:57 IST" name="LoginWithValidEmployeeecodeandinvalidpasssword" finished-at="2025-12-08T12:06:57 IST" duration-ms="24" status="FAIL">
          <exception class="java.lang.NullPointerException">
            <message>
              <![CDATA[Cannot invoke "com.aventstack.extentreports.ExtentReports.createTest(String)" because "this.extent" is null]]>
            </message>
            <full-stacktrace>
              <![CDATA[java.lang.NullPointerException: Cannot invoke "com.aventstack.extentreports.ExtentReports.createTest(String)" because "this.extent" is null
at TestCase.Loginpage.LoginWithValidEmployeeecodeandinvalidpasssword(Loginpage.java:85)
at java.base/jdk.internal.reflect.DirectMethodHandleAccessor.invoke(DirectMethodHandleAccessor.java:103)
at java.base/java.lang.reflect.Method.invoke(Method.java:580)
at org.testng.internal.invokers.MethodInvocationHelper.invokeMethod(MethodInvocationHelper.java:141)
at org.testng.internal.invokers.TestInvoker.invokeMethod(TestInvoker.java:687)
at org.testng.internal.invokers.TestInvoker.invokeTestMethod(TestInvoker.java:230)
at org.testng.internal.invokers.MethodRunner.runInSequence(MethodRunner.java:63)
at org.testng.internal.invokers.TestInvoker$MethodInvocationAgent.invoke(TestInvoker.java:995)
at org.testng.internal.invokers.TestInvoker.invokeTestMethods(TestInvoker.java:203)
at org.testng.internal.invokers.TestMethodWorker.invokeTestMethods(TestMethodWorker.java:154)
at org.testng.internal.invokers.TestMethodWorker.run(TestMethodWorker.java:134)
at java.base/java.util.ArrayList.forEach(ArrayList.java:1597)
at org.testng.TestRunner.privateRun(TestRunner.java:741)
at org.testng.TestRunner.run(TestRunner.java:616)
at org.testng.SuiteRunner.runTest(SuiteRunner.java:421)
at org.testng.SuiteRunner$SuiteWorker.run(SuiteRunner.java:463)
at org.testng.internal.thread.ThreadUtil.lambda$execute$0(ThreadUtil.java:64)
at java.base/java.util.concurrent.FutureTask.run(FutureTask.java:317)
at java.base/java.util.concurrent.ThreadPoolExecutor.runWorker(ThreadPoolExecutor.java:1144)
at java.base/java.util.concurrent.ThreadPoolExecutor$Worker.run(ThreadPoolExecutor.java:642)
at java.base/java.lang.Thread.run(Thread.java:1575)
]]>
            </full-stacktrace>
          </exception> <!-- java.lang.NullPointerException -->
          <reporter-output>
          </reporter-output>
        </test-method> <!-- LoginWithValidEmployeeecodeandinvalidpasssword -->
        <test-method is-config="true" signature="initpage()[pri:0, instance:TestCase.Loginpage@50fe837a]" started-at="2025-12-08T12:06:57 IST" name="initpage" finished-at="2025-12-08T12:06:58 IST" duration-ms="1132" status="PASS">
          <reporter-output>
          </reporter-output>
        </test-method> <!-- initpage -->
        <test-method signature="LoginwithInvalidUsernameValidPasswrd()[pri:0, instance:TestCase.Loginpage@50fe837a]" started-at="2025-12-08T12:06:58 IST" name="LoginwithInvalidUsernameValidPasswrd" finished-at="2025-12-08T12:06:58 IST" duration-ms="6" status="FAIL">
          <exception class="java.lang.NullPointerException">
            <message>
              <![CDATA[Cannot invoke "com.aventstack.extentreports.ExtentReports.createTest(String)" because "this.extent" is null]]>
            </message>
            <full-stacktrace>
              <![CDATA[java.lang.NullPointerException: Cannot invoke "com.aventstack.extentreports.ExtentReports.createTest(String)" because "this.extent" is null
at TestCase.Loginpage.LoginwithInvalidUsernameValidPasswrd(Loginpage.java:69)
at java.base/jdk.internal.reflect.DirectMethodHandleAccessor.invoke(DirectMethodHandleAccessor.java:103)
at java.base/java.lang.reflect.Method.invoke(Method.java:580)
at org.testng.internal.invokers.MethodInvocationHelper.invokeMethod(MethodInvocationHelper.java:141)
at org.testng.internal.invokers.TestInvoker.invokeMethod(TestInvoker.java:687)
at org.testng.internal.invokers.TestInvoker.invokeTestMethod(TestInvoker.java:230)
at org.testng.internal.invokers.MethodRunner.runInSequence(MethodRunner.java:63)
at org.testng.internal.invokers.TestInvoker$MethodInvocationAgent.invoke(TestInvoker.java:995)
at org.testng.internal.invokers.TestInvoker.invokeTestMethods(TestInvoker.java:203)
at org.testng.internal.invokers.TestMethodWorker.invokeTestMethods(TestMethodWorker.java:154)
at org.testng.internal.invokers.TestMethodWorker.run(TestMethodWorker.java:134)
at java.base/java.util.ArrayList.forEach(ArrayList.java:1597)
at org.testng.TestRunner.privateRun(TestRunner.java:741)
at org.testng.TestRunner.run(TestRunner.java:616)
at org.testng.SuiteRunner.runTest(SuiteRunner.java:421)
at org.testng.SuiteRunner$SuiteWorker.run(SuiteRunner.java:463)
at org.testng.internal.thread.ThreadUtil.lambda$execute$0(ThreadUtil.java:64)
at java.base/java.util.concurrent.FutureTask.run(FutureTask.java:317)
at java.base/java.util.concurrent.ThreadPoolExecutor.runWorker(ThreadPoolExecutor.java:1144)
at java.base/java.util.concurrent.ThreadPoolExecutor$Worker.run(ThreadPoolExecutor.java:642)
at java.base/java.lang.Thread.run(Thread.java:1575)
]]>
            </full-stacktrace>
          </exception> <!-- java.lang.NullPointerException -->
          <reporter-output>
          </reporter-output>
        </test-method> <!-- LoginwithInvalidUsernameValidPasswrd -->
        <test-method is-config="true" signature="initpage()[pri:0, instance:TestCase.Loginpage@50fe837a]" started-at="2025-12-08T12:06:58 IST" name="initpage" finished-at="2025-12-08T12:06:59 IST" duration-ms="1066" status="PASS">
          <reporter-output>
          </reporter-output>
        </test-method> <!-- initpage -->
        <test-method signature="Validlogin()[pri:0, instance:TestCase.Loginpage@50fe837a]" started-at="2025-12-08T12:06:59 IST" name="Validlogin" finished-at="2025-12-08T12:06:59 IST" duration-ms="4" status="FAIL">
          <exception class="java.lang.NullPointerException">
            <message>
              <![CDATA[Cannot invoke "com.aventstack.extentreports.ExtentReports.createTest(String)" because "this.extent" is null]]>
            </message>
            <full-stacktrace>
              <![CDATA[java.lang.NullPointerException: Cannot invoke "com.aventstack.extentreports.ExtentReports.createTest(String)" because "this.extent" is null
at TestCase.Loginpage.Validlogin(Loginpage.java:49)
at java.base/jdk.internal.reflect.DirectMethodHandleAccessor.invoke(DirectMethodHandleAccessor.java:103)
at java.base/java.lang.reflect.Method.invoke(Method.java:580)
at org.testng.internal.invokers.MethodInvocationHelper.invokeMethod(MethodInvocationHelper.java:141)
at org.testng.internal.invokers.TestInvoker.invokeMethod(TestInvoker.java:687)
at org.testng.internal.invokers.TestInvoker.invokeTestMethod(TestInvoker.java:230)
at org.testng.internal.invokers.MethodRunner.runInSequence(MethodRunner.java:63)
at org.testng.internal.invokers.TestInvoker$MethodInvocationAgent.invoke(TestInvoker.java:995)
at org.testng.internal.invokers.TestInvoker.invokeTestMethods(TestInvoker.java:203)
at org.testng.internal.invokers.TestMethodWorker.invokeTestMethods(TestMethodWorker.java:154)
at org.testng.internal.invokers.TestMethodWorker.run(TestMethodWorker.java:134)
at java.base/java.util.ArrayList.forEach(ArrayList.java:1597)
at org.testng.TestRunner.privateRun(TestRunner.java:741)
at org.testng.TestRunner.run(TestRunner.java:616)
at org.testng.SuiteRunner.runTest(SuiteRunner.java:421)
at org.testng.SuiteRunner$SuiteWorker.run(SuiteRunner.java:463)
at org.testng.internal.thread.ThreadUtil.lambda$execute$0(ThreadUtil.java:64)
at java.base/java.util.concurrent.FutureTask.run(FutureTask.java:317)
at java.base/java.util.concurrent.ThreadPoolExecutor.runWorker(ThreadPoolExecutor.java:1144)
at java.base/java.util.concurrent.ThreadPoolExecutor$Worker.run(ThreadPoolExecutor.java:642)
at java.base/java.lang.Thread.run(Thread.java:1575)
]]>
            </full-stacktrace>
          </exception> <!-- java.lang.NullPointerException -->
          <reporter-output>
          </reporter-output>
        </test-method> <!-- Validlogin -->
      </class> <!-- TestCase.Loginpage -->
    </test> <!-- Chrome Test -->
    <test started-at="2025-12-08T12:06:46 IST" name="Firefox Test" finished-at="2025-12-08T12:07:05 IST" duration-ms="19826">
      <class name="TestCase.Loginpage">
        <test-method is-config="true" signature="setupReport()[pri:0, instance:TestCase.Loginpage@56276db8]" started-at="2025-12-08T12:06:45 IST" name="setupReport" finished-at="2025-12-08T12:06:46 IST" duration-ms="849" status="PASS">
          <reporter-output>
          </reporter-output>
        </test-method> <!-- setupReport -->
        <test-method is-config="true" signature="Setup(java.lang.String)[pri:0, instance:TestCase.Loginpage@56276db8]" started-at="2025-12-08T12:06:46 IST" name="Setup" finished-at="2025-12-08T12:06:56 IST" duration-ms="9988" status="PASS">
          <params>
            <param index="0">
              <value>
                <![CDATA[firefox]]>
              </value>
            </param>
          </params>
          <reporter-output>
          </reporter-output>
        </test-method> <!-- Setup -->
        <test-method is-config="true" signature="initpage()[pri:0, instance:TestCase.Loginpage@56276db8]" started-at="2025-12-08T12:06:56 IST" name="initpage" finished-at="2025-12-08T12:07:00 IST" duration-ms="4093" status="PASS">
          <reporter-output>
          </reporter-output>
        </test-method> <!-- initpage -->
        <test-method signature="LoginWithValidEmployeeecodeandinvalidpasssword()[pri:0, instance:TestCase.Loginpage@56276db8]" started-at="2025-12-08T12:07:00 IST" name="LoginWithValidEmployeeecodeandinvalidpasssword" finished-at="2025-12-08T12:07:01 IST" duration-ms="753" status="PASS">
          <reporter-output>
          </reporter-output>
        </test-method> <!-- LoginWithValidEmployeeecodeandinvalidpasssword -->
        <test-method is-config="true" signature="initpage()[pri:0, instance:TestCase.Loginpage@56276db8]" started-at="2025-12-08T12:07:01 IST" name="initpage" finished-at="2025-12-08T12:07:01 IST" duration-ms="655" status="PASS">
          <reporter-output>
          </reporter-output>
        </test-method> <!-- initpage -->
        <test-method signature="LoginwithInvalidUsernameValidPasswrd()[pri:0, instance:TestCase.Loginpage@56276db8]" started-at="2025-12-08T12:07:01 IST" name="LoginwithInvalidUsernameValidPasswrd" finished-at="2025-12-08T12:07:02 IST" duration-ms="556" status="PASS">
          <reporter-output>
          </reporter-output>
        </test-method> <!-- LoginwithInvalidUsernameValidPasswrd -->
        <test-method is-config="true" signature="initpage()[pri:0, instance:TestCase.Loginpage@56276db8]" started-at="2025-12-08T12:07:02 IST" name="initpage" finished-at="2025-12-08T12:07:03 IST" duration-ms="859" status="PASS">
          <reporter-output>
          </reporter-output>
        </test-method> <!-- initpage -->
        <test-method signature="Validlogin()[pri:0, instance:TestCase.Loginpage@56276db8]" started-at="2025-12-08T12:07:03 IST" name="Validlogin" finished-at="2025-12-08T12:07:05 IST" duration-ms="2854" status="PASS">
          <reporter-output>
          </reporter-output>
        </test-method> <!-- Validlogin -->
        <test-method is-config="true" signature="teardownReport()[pri:0, instance:TestCase.Loginpage@56276db8]" started-at="2025-12-08T12:07:05 IST" name="teardownReport" finished-at="2025-12-08T12:07:10 IST" duration-ms="4385" status="PASS">
          <reporter-output>
          </reporter-output>
        </test-method> <!-- teardownReport -->
      </class> <!-- TestCase.Loginpage -->
    </test> <!-- Firefox Test -->
  </suite> <!-- myHR LoginParallelSuite -->
</testng-results>
