<?xml version="1.0" encoding="UTF-8"?>
<testng-results ignored="0" total="1" passed="1" failed="0" skipped="0">
  <reporter-output>
  </reporter-output>
  <suite started-at="2025-12-03T18:01:39 IST" name="MyHR Automation Suite" finished-at="2025-12-03T18:01:45 IST" duration-ms="5858">
    <groups>
    </groups>
    <test started-at="2025-12-03T18:01:39 IST" name="Login Functonality Test" finished-at="2025-12-03T18:01:45 IST" duration-ms="5858">
      <class name="TestCase.ParameterLoginTest">
        <test-method is-config="true" signature="setup()[pri:0, instance:TestCase.ParameterLoginTest@7eac9008]" started-at="2025-12-03T18:01:39 IST" name="setup" finished-at="2025-12-03T18:01:43 IST" duration-ms="3758" status="PASS">
          <reporter-output>
          </reporter-output>
        </test-method> <!-- setup -->
        <test-method signature="Login(java.lang.String,java.lang.String)[pri:0, instance:TestCase.ParameterLoginTest@7eac9008]" started-at="2025-12-03T18:01:43 IST" name="Login" finished-at="2025-12-03T18:01:45 IST" duration-ms="2015" status="PASS">
          <params>
            <param index="0">
              <value>
                <![CDATA[24118]]>
              </value>
            </param>
            <param index="1">
              <value>
                <![CDATA[62abce]]>
              </value>
            </param>
          </params>
          <reporter-output>
          </reporter-output>
        </test-method> <!-- Login -->
      </class> <!-- TestCase.ParameterLoginTest -->
    </test> <!-- Login Functonality Test -->
  </suite> <!-- MyHR Automation Suite -->
</testng-results>
