<?xml version="1.0" encoding="UTF-8"?>
<!-- Generated by org.testng.reporters.JUnitReportReporter -->
<testsuite hostname="DESKTOP-PRQQGS0" failures="0" tests="2" name="TestCase.GatePass" time="15.489" errors="0" timestamp="2026-03-03T17:53:18 IST" skipped="0">
  <testcase classname="TestCase.GatePass" name="NavigateGatePassPage" time="8.240">
    <system-out>
      <![CDATA[Page Title is_-: Gate Pass Request | myHR
Page Name -:Gate Pass Request]]>
    </system-out>
  </testcase> <!-- NavigateGatePassPage -->
  <testcase classname="TestCase.GatePass" name="Selectreasonoption" time="7.249"/>
  <system-out>
    <![CDATA[Page Title is_-: Gate Pass Request | myHR
Page Name -:Gate Pass Request]]>
  </system-out>
</testsuite> <!-- TestCase.GatePass -->
