<?xml version="1.0" encoding="UTF-8"?>
<!-- Generated by org.testng.reporters.JUnitReportReporter -->
<testsuite hostname="DESKTOP-PRQQGS0" failures="0" tests="2" name="TestCase.LeaveandAttendance" time="10.554" errors="0" timestamp="2025-12-08T10:57:37 IST" skipped="0">
  <testcase classname="TestCase.LeaveandAttendance" name="NavigatePage" time="5.052"/>
  <testcase classname="TestCase.LeaveandAttendance" name="CheckLeaveBalace" time="5.502"/>
</testsuite> <!-- TestCase.LeaveandAttendance -->
