<?xml version="1.0" encoding="UTF-8"?>
<!-- Generated by org.testng.reporters.JUnitReportReporter -->
<testsuite hostname="DESKTOP-PRQQGS0" failures="0" tests="3" name="TestCase.Loginpage" time="11.401" errors="0" timestamp="2025-12-01T14:25:28 IST" skipped="2">
  <testcase classname="TestCase.Loginpage" name="Validlogin" time="11.401"/>
  <testcase classname="TestCase.Loginpage" name="LoginwithInvalidUsernameValidPasswrd">
    <skipped/>
  </testcase> <!-- LoginwithInvalidUsernameValidPasswrd -->
  <testcase classname="TestCase.Loginpage" name="LoginWithValidEmployeeecodeandinvalidpasssword">
    <skipped/>
  </testcase> <!-- LoginWithValidEmployeeecodeandinvalidpasssword -->
</testsuite> <!-- TestCase.Loginpage -->
