<?xml version="1.0" encoding="UTF-8"?>
<!-- Generated by org.testng.reporters.JUnitReportReporter -->
<testsuite hostname="DESKTOP-PRQQGS0" failures="0" tests="3" name="TestCase.DataProviderLoginTest" time="16.065" errors="0" timestamp="2025-12-03T13:10:35 IST" skipped="0">
  <testcase classname="TestCase.DataProviderLoginTest" name="Logintest" time="5.294"/>
  <testcase classname="TestCase.DataProviderLoginTest" name="Logintest" time="5.765"/>
  <testcase classname="TestCase.DataProviderLoginTest" name="Logintest" time="5.006"/>
</testsuite> <!-- TestCase.DataProviderLoginTest -->
