<?xml version="1.0" encoding="UTF-8"?>
<!-- Generated by org.testng.reporters.JUnitReportReporter -->
<testsuite hostname="DESKTOP-PRQQGS0" failures="0" tests="2" name="TestCase.LeaveandAttendance" time="8.306" errors="0" timestamp="2025-12-02T12:19:20 IST" skipped="1">
  <testcase classname="TestCase.LeaveandAttendance" name="CheckLeaveBalace" time="8.306"/>
  <testcase classname="TestCase.LeaveandAttendance" name="NavigatePage">
    <skipped/>
  </testcase> <!-- NavigatePage -->
</testsuite> <!-- TestCase.LeaveandAttendance -->
