<?xml version="1.0" encoding="UTF-8"?>
<!-- Generated by org.testng.reporters.JUnitReportReporter -->
<testsuite hostname="DESKTOP-PRQQGS0" failures="0" tests="4" name="TestCase.ExcelUtilLoginTest" time="24.217" errors="0" timestamp="2025-12-05T14:30:46 IST" skipped="0">
  <testcase classname="TestCase.ExcelUtilLoginTest" name="Login" time="5.791"/>
  <testcase classname="TestCase.ExcelUtilLoginTest" name="Login" time="6.335"/>
  <testcase classname="TestCase.ExcelUtilLoginTest" name="Login" time="5.118"/>
  <testcase classname="TestCase.ExcelUtilLoginTest" name="Login" time="6.973"/>
</testsuite> <!-- TestCase.ExcelUtilLoginTest -->
